<?xml version="1.0" encoding="UTF-8"?>
<testsuite xmlns:xsi="http://www.w3.org/2001/XMLSchema-instance" xsi:noNamespaceSchemaLocation="https://maven.apache.org/surefire/maven-surefire-plugin/xsd/surefire-test-report.xsd" name="TestSuite" time="246.182" tests="9" errors="0" skipped="5" failures="2">
  <properties>
[...]
</properties>
  <testcase name="searchFlights" classname="com.selenium.test.flights.FlightsTest" time="99.477">
    <failure message="Unable to locate element: #modify\-search\-btn&#10;For documentation on this error, please visit: http://seleniumhq.org/exceptions/no_such_element.html&#10;Build info: version: &apos;3.8.1&apos;, revision: &apos;6e95a6684b&apos;, time: &apos;2017-12-01T18:33:54.468Z&apos;&#10;System info: host: &apos;VAIO&apos;, ip: &apos;192.168.0.106&apos;, os.name: &apos;Windows 10&apos;, os.arch: &apos;amd64&apos;, os.version: &apos;10.0&apos;, java.version: &apos;1.8.0_102&apos;&#10;Driver info: org.openqa.selenium.firefox.FirefoxDriver&#10;Capabilities {acceptInsecureCerts: true, browserName: firefox, browserVersion: 59.0.1, javascriptEnabled: true, moz:accessibilityChecks: false, moz:headless: false, moz:processID: 12340, moz:profile: C:\Users\sony\AppData\Local..., moz:useNonSpecCompliantPointerOrigin: false, moz:webdriverClick: true, pageLoadStrategy: normal, platform: XP, platformName: XP, platformVersion: 10.0, rotatable: false, timeouts: {implicit: 0, pageLoad: 300000, script: 30000}}&#10;Session ID: cfd802bd-b73a-483d-a144-9e8be5de9926&#10;*** Element info: {Using=id, value=modify-search-btn}" type="org.openqa.selenium.NoSuchElementException">org.openqa.selenium.NoSuchElementException: 
Unable to locate element: #modify\-search\-btn
For documentation on this error, please visit: http://seleniumhq.org/exceptions/no_such_element.html
Build info: version: '3.8.1', revision: '6e95a6684b', time: '2017-12-01T18:33:54.468Z'
System info: host: 'VAIO', ip: '192.168.0.106', os.name: 'Windows 10', os.arch: 'amd64', os.version: '10.0', java.version: '1.8.0_102'
Driver info: org.openqa.selenium.firefox.FirefoxDriver
Capabilities {acceptInsecureCerts: true, browserName: firefox, browserVersion: 59.0.1, javascriptEnabled: true, moz:accessibilityChecks: false, moz:headless: false, moz:processID: 12340, moz:profile: C:\Users\sony\AppData\Local..., moz:useNonSpecCompliantPointerOrigin: false, moz:webdriverClick: true, pageLoadStrategy: normal, platform: XP, platformName: XP, platformVersion: 10.0, rotatable: false, timeouts: {implicit: 0, pageLoad: 300000, script: 30000}}
Session ID: cfd802bd-b73a-483d-a144-9e8be5de9926
*** Element info: {Using=id, value=modify-search-btn}
	at com.selenium.test.flights.FlightsTest.searchFlights(FlightsTest.java:42)
</failure>
    <system-err><![CDATA[1526667487191	geckodriver	INFO	geckodriver 0.19.1
1526667487214	geckodriver	INFO	Listening on 127.0.0.1:34294
1526667488162	mozrunner::runner	INFO	Running command: "C:\\Program Files (x86)\\Mozilla Firefox\\firefox.exe" "-marionette" "-profile" "C:\\Users\\sony\\AppData\\Local\\Temp\\rust_mozprofile.zgNBQNxWrXkC"
1526667491612	Marionette	INFO	Enabled via --marionette
[Child 16096, Chrome_ChildThread] WARNING: pipe error: 109: file z:/build/build/src/ipc/chromium/src/chrome/common/ipc_channel_win.cc, line 346
[Child 16096, Chrome_ChildThread] WARNING: pipe error: 109: file z:/build/build/src/ipc/chromium/src/chrome/common/ipc_channel_win.cc, line 346
1526667504480	Marionette	INFO	Listening on port 56959
1526667504772	Marionette	WARN	TLS certificate errors will be ignored for this session
May 18, 2018 11:48:25 PM org.openqa.selenium.remote.ProtocolHandshake createSession
INFO: Detected dialect: W3C
JavaScript warning: https://www.mercurytravels.co.in/public/js/jquery-1.10.2.min.js, line 1: Using //@ to indicate sourceMappingURL pragmas is deprecated. Use //# instead
JavaScript warning: https://www.mercurytravels.co.in/, line 2463: unreachable code after return statement
JavaScript error: https://www.mercurytravels.co.in/public/js/bjqs-1.3.min.js, line 22: TypeError: c is null
JavaScript warning: https://www.mercurytravels.co.in/public/js/jquery-1.10.2.min.js, line 1: Using //@ to indicate sourceMappingURL pragmas is deprecated. Use //# instead
JavaScript error: https://www.mercurytravels.co.in/public/js/customize_backup.jss, line 1: SyntaxError: expected expression, got '<'
JavaScript warning: https://www.mercurytravels.co.in/flights/results, line 2104: unreachable code after return statement
JavaScript error: https://www.mercurytravels.co.in/public/js/bjqs-1.3.min.js, line 22: TypeError: c is null
JavaScript error: https://www.mercurytravels.co.in/public/js/bjqs-1.3.min.js, line 22: TypeError: c is null
]]></system-err>
  </testcase>
  <testcase name="testFlightsThree" classname="com.selenium.test.flights.FlightsTest" time="0"/>
  <testcase name="testFlightsTwo" classname="com.selenium.test.flights.FlightsTest" time="0"/>
  <testcase name="openBrowser" classname="com.selenium.test.hotels.HotelsTest" time="0.416">
    <failure message="&#10;Parameter &apos;url&apos; is required by BeforeMethod on method openBrowser but has not been marked @Optional or defined&#10;" type="org.testng.TestNGException">org.testng.TestNGException: 

Parameter 'url' is required by BeforeMethod on method openBrowser but has not been marked @Optional or defined

</failure>
  </testcase>
  <testcase name="openBrowser" classname="com.selenium.test.hotels.HotelsTest" time="0">
    <skipped/>
  </testcase>
  <testcase name="searchHotels" classname="com.selenium.test.hotels.HotelsTest" time="0">
    <skipped message="&#10;Parameter &apos;url&apos; is required by BeforeMethod on method openBrowser but has not been marked @Optional or defined&#10;"/>
  </testcase>
  <testcase name="closeBrowser" classname="com.selenium.test.hotels.HotelsTest" time="0">
    <skipped/>
  </testcase>
  <testcase name="closeBrowser" classname="com.selenium.test.hotels.HotelsTest" time="0">
    <skipped/>
  </testcase>
  <testcase name="selectResultFilters" classname="com.selenium.test.hotels.HotelsTest" time="0">
    <skipped message="&#10;Parameter &apos;url&apos; is required by BeforeMethod on method openBrowser but has not been marked @Optional or defined&#10;"/>
  </testcase>
</testsuite>