<?xml version="1.0" encoding="UTF-8"?>
<testng-results skipped="0" failed="1" ignored="0" total="2" passed="1">
  <reporter-output>
    <line>
      <![CDATA[<BR>Clear text box [[FirefoxDriver: firefox on XP (4fe748b7-faa6-446e-a7e0-bc261198a825)] -> id: cityName]]]>
    </line>
    <line>
      <![CDATA[<BR>Enter text 'Delhi, India' in text box [[FirefoxDriver: firefox on XP (4fe748b7-faa6-446e-a7e0-bc261198a825)] -> id: cityName]]]>
    </line>
    <line>
      <![CDATA[<BR>Select '1' from locator [[FirefoxDriver: firefox on XP (4fe748b7-faa6-446e-a7e0-bc261198a825)] -> id: room_count]]]>
    </line>
    <line>
      <![CDATA[<BR>Select '1' from locator [[FirefoxDriver: firefox on XP (4fe748b7-faa6-446e-a7e0-bc261198a825)] -> id: adult_count_1]]]>
    </line>
    <line>
      <![CDATA[<BR>Select '0' from locator [[FirefoxDriver: firefox on XP (4fe748b7-faa6-446e-a7e0-bc261198a825)] -> id: slect-room1ChildAge child_count_1]]]>
    </line>
    <line>
      <![CDATA[<BR>Clicking button [[FirefoxDriver: firefox on XP (4fe748b7-faa6-446e-a7e0-bc261198a825)] -> id: searchHotelsBtn]]]>
    </line>
    <line>
      <![CDATA[Hotels Result page is displayed Sucessfully]]>
    </line>
    <line>
      <![CDATA[Get CurrentUrl : https://www.mercurytravels.co.in/hotels/results]]>
    </line>
    <line>
      <![CDATA[Scrolling Price Left Slider by 100]]>
    </line>
    <line>
      <![CDATA[Scrolling Price Left Slider by 200]]>
    </line>
    <line>
      <![CDATA[setting url to : https://www.mercurytravels.co.in/hotels/results]]>
    </line>
    <line>
      <![CDATA[<BR> Selecting Hotel Star Rating as '4']]>
    </line>
  </reporter-output>
  <suite name="MercuryTravel" duration-ms="329838" started-at="2018-05-18T18:11:43Z" finished-at="2018-05-18T18:17:12Z">
    <groups>
    </groups>
    <test name="Flights" duration-ms="329838" started-at="2018-05-18T18:11:43Z" finished-at="2018-05-18T18:17:12Z">
      <class name="com.selenium.test.hotels.HotelsTest">
        <test-method status="PASS" signature="openBrowser(java.lang.String, java.lang.String)[pri:0, instance:com.selenium.test.hotels.HotelsTest@5c3bd550]" name="openBrowser" is-config="true" duration-ms="110314" started-at="2018-05-18T18:11:43Z" finished-at="2018-05-18T18:13:33Z">
          <params>
            <param index="0">
              <value>
                <![CDATA[firefox]]>
              </value>
            </param>
            <param index="1">
              <value>
                <![CDATA[https://www.mercurytravels.co.in/]]>
              </value>
            </param>
          </params>
          <reporter-output>
          </reporter-output>
        </test-method> <!-- openBrowser -->
        <test-method status="PASS" signature="searchHotels()[pri:0, instance:com.selenium.test.hotels.HotelsTest@5c3bd550]" name="searchHotels" duration-ms="128730" started-at="2018-05-18T18:13:33Z" finished-at="2018-05-18T18:15:42Z">
          <reporter-output>
            <line>
              <![CDATA[<BR>Clear text box [[FirefoxDriver: firefox on XP (4fe748b7-faa6-446e-a7e0-bc261198a825)] -> id: cityName]]]>
            </line>
            <line>
              <![CDATA[<BR>Enter text 'Delhi, India' in text box [[FirefoxDriver: firefox on XP (4fe748b7-faa6-446e-a7e0-bc261198a825)] -> id: cityName]]]>
            </line>
            <line>
              <![CDATA[<BR>Select '1' from locator [[FirefoxDriver: firefox on XP (4fe748b7-faa6-446e-a7e0-bc261198a825)] -> id: room_count]]]>
            </line>
            <line>
              <![CDATA[<BR>Select '1' from locator [[FirefoxDriver: firefox on XP (4fe748b7-faa6-446e-a7e0-bc261198a825)] -> id: adult_count_1]]]>
            </line>
            <line>
              <![CDATA[<BR>Select '0' from locator [[FirefoxDriver: firefox on XP (4fe748b7-faa6-446e-a7e0-bc261198a825)] -> id: slect-room1ChildAge child_count_1]]]>
            </line>
            <line>
              <![CDATA[<BR>Clicking button [[FirefoxDriver: firefox on XP (4fe748b7-faa6-446e-a7e0-bc261198a825)] -> id: searchHotelsBtn]]]>
            </line>
            <line>
              <![CDATA[Hotels Result page is displayed Sucessfully]]>
            </line>
            <line>
              <![CDATA[Get CurrentUrl : https://www.mercurytravels.co.in/hotels/results]]>
            </line>
            <line>
              <![CDATA[Scrolling Price Left Slider by 100]]>
            </line>
            <line>
              <![CDATA[Scrolling Price Left Slider by 200]]>
            </line>
          </reporter-output>
        </test-method> <!-- searchHotels -->
        <test-method status="PASS" signature="closeBrowser()[pri:0, instance:com.selenium.test.hotels.HotelsTest@5c3bd550]" name="closeBrowser" is-config="true" duration-ms="879" started-at="2018-05-18T18:15:42Z" finished-at="2018-05-18T18:15:43Z">
          <reporter-output>
          </reporter-output>
        </test-method> <!-- closeBrowser -->
        <test-method status="PASS" signature="openBrowser(java.lang.String, java.lang.String)[pri:0, instance:com.selenium.test.hotels.HotelsTest@5c3bd550]" name="openBrowser" is-config="true" duration-ms="55338" started-at="2018-05-18T18:15:43Z" finished-at="2018-05-18T18:16:38Z">
          <params>
            <param index="0">
              <value>
                <![CDATA[firefox]]>
              </value>
            </param>
            <param index="1">
              <value>
                <![CDATA[https://www.mercurytravels.co.in/]]>
              </value>
            </param>
          </params>
          <reporter-output>
          </reporter-output>
        </test-method> <!-- openBrowser -->
        <test-method status="FAIL" signature="selectResultFilters()[pri:0, instance:com.selenium.test.hotels.HotelsTest@5c3bd550]" name="selectResultFilters" duration-ms="33439" started-at="2018-05-18T18:16:38Z" finished-at="2018-05-18T18:17:11Z">
          <exception class="org.openqa.selenium.NoSuchElementException">
            <message>
              <![CDATA[Unable to locate element: //label[@class='star-label']/span[@text()='4']/..
For documentation on this error, please visit: http://seleniumhq.org/exceptions/no_such_element.html
Build info: version: '3.8.1', revision: '6e95a6684b', time: '2017-12-01T18:33:54.468Z'
System info: host: 'VAIO', ip: '192.168.0.106', os.name: 'Windows 10', os.arch: 'amd64', os.version: '10.0', java.version: '1.8.0_102'
Driver info: org.openqa.selenium.firefox.FirefoxDriver
Capabilities {acceptInsecureCerts: true, browserName: firefox, browserVersion: 59.0.1, javascriptEnabled: true, moz:accessibilityChecks: false, moz:headless: false, moz:processID: 6964, moz:profile: C:\Users\sony\AppData\Local..., moz:useNonSpecCompliantPointerOrigin: false, moz:webdriverClick: true, pageLoadStrategy: normal, platform: XP, platformName: XP, platformVersion: 10.0, rotatable: false, timeouts: {implicit: 0, pageLoad: 300000, script: 30000}}
Session ID: 7e570c30-1eb5-4b55-a1e4-afa3c21fa415
*** Element info: {Using=xpath, value=//label[@class='star-label']/span[@text()='4']/..}]]>
            </message>
            <full-stacktrace>
              <![CDATA[org.openqa.selenium.NoSuchElementException: Unable to locate element: //label[@class='star-label']/span[@text()='4']/..
For documentation on this error, please visit: http://seleniumhq.org/exceptions/no_such_element.html
Build info: version: '3.8.1', revision: '6e95a6684b', time: '2017-12-01T18:33:54.468Z'
System info: host: 'VAIO', ip: '192.168.0.106', os.name: 'Windows 10', os.arch: 'amd64', os.version: '10.0', java.version: '1.8.0_102'
Driver info: org.openqa.selenium.firefox.FirefoxDriver
Capabilities {acceptInsecureCerts: true, browserName: firefox, browserVersion: 59.0.1, javascriptEnabled: true, moz:accessibilityChecks: false, moz:headless: false, moz:processID: 6964, moz:profile: C:\Users\sony\AppData\Local..., moz:useNonSpecCompliantPointerOrigin: false, moz:webdriverClick: true, pageLoadStrategy: normal, platform: XP, platformName: XP, platformVersion: 10.0, rotatable: false, timeouts: {implicit: 0, pageLoad: 300000, script: 30000}}
Session ID: 7e570c30-1eb5-4b55-a1e4-afa3c21fa415
*** Element info: {Using=xpath, value=//label[@class='star-label']/span[@text()='4']/..}
at sun.reflect.NativeConstructorAccessorImpl.newInstance0(Native Method)
at sun.reflect.NativeConstructorAccessorImpl.newInstance(NativeConstructorAccessorImpl.java:62)
at sun.reflect.DelegatingConstructorAccessorImpl.newInstance(DelegatingConstructorAccessorImpl.java:45)
at java.lang.reflect.Constructor.newInstance(Constructor.java:423)
at org.openqa.selenium.remote.http.W3CHttpResponseCodec.createException(W3CHttpResponseCodec.java:187)
at org.openqa.selenium.remote.http.W3CHttpResponseCodec.decode(W3CHttpResponseCodec.java:122)
at org.openqa.selenium.remote.http.W3CHttpResponseCodec.decode(W3CHttpResponseCodec.java:49)
at org.openqa.selenium.remote.HttpCommandExecutor.execute(HttpCommandExecutor.java:164)
at org.openqa.selenium.remote.service.DriverCommandExecutor.execute(DriverCommandExecutor.java:83)
at org.openqa.selenium.remote.RemoteWebDriver.execute(RemoteWebDriver.java:601)
at org.openqa.selenium.remote.RemoteWebDriver.findElement(RemoteWebDriver.java:371)
at org.openqa.selenium.remote.RemoteWebDriver.findElementByXPath(RemoteWebDriver.java:473)
at org.openqa.selenium.By$ByXPath.findElement(By.java:361)
at org.openqa.selenium.remote.RemoteWebDriver.findElement(RemoteWebDriver.java:363)
at org.openqa.selenium.support.pagefactory.DefaultElementLocator.findElement(DefaultElementLocator.java:69)
at org.openqa.selenium.support.pagefactory.internal.LocatingElementHandler.invoke(LocatingElementHandler.java:38)
at com.sun.proxy.$Proxy11.click(Unknown Source)
at com.selenium.pageobject.hotels.HotelsResultsPage.clickFourStar(HotelsResultsPage.java:23)
at com.selenium.test.hotels.HotelsTest.selectResultFilters(HotelsTest.java:59)
at sun.reflect.NativeMethodAccessorImpl.invoke0(Native Method)
at sun.reflect.NativeMethodAccessorImpl.invoke(NativeMethodAccessorImpl.java:62)
at sun.reflect.DelegatingMethodAccessorImpl.invoke(DelegatingMethodAccessorImpl.java:43)
at java.lang.reflect.Method.invoke(Method.java:498)
at org.testng.internal.MethodInvocationHelper.invokeMethod(MethodInvocationHelper.java:124)
at org.testng.internal.Invoker.invokeMethod(Invoker.java:583)
at org.testng.internal.Invoker.invokeTestMethod(Invoker.java:719)
at org.testng.internal.Invoker.invokeTestMethods(Invoker.java:989)
at org.testng.internal.TestMethodWorker.invokeTestMethods(TestMethodWorker.java:125)
at org.testng.internal.TestMethodWorker.run(TestMethodWorker.java:109)
at org.testng.TestRunner.privateRun(TestRunner.java:648)
at org.testng.TestRunner.run(TestRunner.java:505)
at org.testng.SuiteRunner.runTest(SuiteRunner.java:455)
at org.testng.SuiteRunner.runSequentially(SuiteRunner.java:450)
at org.testng.SuiteRunner.privateRun(SuiteRunner.java:415)
at org.testng.SuiteRunner.run(SuiteRunner.java:364)
at org.testng.SuiteRunnerWorker.runSuite(SuiteRunnerWorker.java:52)
at org.testng.SuiteRunnerWorker.run(SuiteRunnerWorker.java:84)
at org.testng.TestNG.runSuitesSequentially(TestNG.java:1208)
at org.testng.TestNG.runSuitesLocally(TestNG.java:1137)
at org.testng.TestNG.runSuites(TestNG.java:1049)
at org.testng.TestNG.run(TestNG.java:1017)
at org.testng.remote.AbstractRemoteTestNG.run(AbstractRemoteTestNG.java:114)
at org.testng.remote.RemoteTestNG.initAndRun(RemoteTestNG.java:251)
at org.testng.remote.RemoteTestNG.main(RemoteTestNG.java:77)
]]>
            </full-stacktrace>
          </exception> <!-- org.openqa.selenium.NoSuchElementException -->
          <reporter-output>
            <line>
              <![CDATA[setting url to : https://www.mercurytravels.co.in/hotels/results]]>
            </line>
            <line>
              <![CDATA[<BR> Selecting Hotel Star Rating as '4']]>
            </line>
          </reporter-output>
        </test-method> <!-- selectResultFilters -->
        <test-method status="PASS" signature="closeBrowser()[pri:0, instance:com.selenium.test.hotels.HotelsTest@5c3bd550]" name="closeBrowser" is-config="true" duration-ms="1000" started-at="2018-05-18T18:17:11Z" finished-at="2018-05-18T18:17:12Z">
          <reporter-output>
          </reporter-output>
        </test-method> <!-- closeBrowser -->
      </class> <!-- com.selenium.test.hotels.HotelsTest -->
    </test> <!-- Flights -->
  </suite> <!-- MercuryTravel -->
</testng-results>
